0 info it worked if it ends with ok
1 verbose cli [ '/usr/bin/node', '/usr/bin/npm', 'install' ]
2 info using npm@1.4.28
3 info using node@v0.10.36
4 verbose node symlink /usr/bin/node
5 warn package.json node-gtk@0.0.1 No repository field.
6 warn package.json node-gtk@0.0.1 No README data
7 verbose readDependencies using package.json deps
8 verbose install where, deps [ '/home/plasmashadow/github/node-gtk', [ 'nan' ] ]
9 info preinstall node-gtk@0.0.1
10 verbose readDependencies using package.json deps
11 verbose already installed skipping nan@^1.3.0 /home/plasmashadow/github/node-gtk
12 silly resolved []
13 info build /home/plasmashadow/github/node-gtk
14 verbose linkStuff [ false, false, false, '/home/plasmashadow/github' ]
15 info linkStuff node-gtk@0.0.1
16 verbose linkBins node-gtk@0.0.1
17 verbose linkMans node-gtk@0.0.1
18 verbose rebuildBundles node-gtk@0.0.1
19 verbose rebuildBundles [ 'nan' ]
20 info install node-gtk@0.0.1
21 verbose unsafe-perm in lifecycle true
22 info node-gtk@0.0.1 Failed to exec install script
23 error node-gtk@0.0.1 install: `node-gyp rebuild`
23 error Exit status 1
24 error Failed at the node-gtk@0.0.1 install script.
24 error This is most likely a problem with the node-gtk package,
24 error not with npm itself.
24 error Tell the author that this fails on your system:
24 error     node-gyp rebuild
24 error You can get their info via:
24 error     npm owner ls node-gtk
24 error There is likely additional logging output above.
25 error System Linux 3.13.0-45-generic
26 error command "/usr/bin/node" "/usr/bin/npm" "install"
27 error cwd /home/plasmashadow/github/node-gtk
28 error node -v v0.10.36
29 error npm -v 1.4.28
30 error code ELIFECYCLE
31 verbose exit [ 1, true ]
